# JRE version: OpenJDK Runtime Environment (11.0.8+10) (build 11.0.8+10-b944.6842174)
# Java VM: OpenJDK 64-Bit Server VM (11.0.8+10-b944.6842174, mixed mode, tiered, compressed oops, g1 gc, windows-amd64)
Heap:
 garbage-first heap   total 328704K, used 142523K [0x0000000080000000, 0x0000000100000000)
  region size 1024K, 58 young (59392K), 11 survivors (11264K)
 Metaspace       used 83743K, capacity 85864K, committed 86012K, reserved 1124352K
  class space    used 10615K, capacity 11272K, committed 11392K, reserved 1048576K
GC Heap History (20 events):
Event: 750.488 GC heap before
{Heap before GC invocations=54 (full 0):
 garbage-first heap   total 227328K, used 177343K [0x0000000080000000, 0x0000000100000000)
  region size 1024K, 102 young (104448K), 14 survivors (14336K)
 Metaspace       used 57634K, capacity 59059K, committed 59260K, reserved 1101824K
  class space    used 7168K, capacity 7588K, committed 7680K, reserved 1048576K
}
Event: 750.494 GC heap after
{Heap after GC invocations=55 (full 0):
 garbage-first heap   total 273408K, used 81893K [0x0000000080000000, 0x0000000100000000)
  region size 1024K, 9 young (9216K), 9 survivors (9216K)
 Metaspace       used 57634K, capacity 59059K, committed 59260K, reserved 1101824K
  class space    used 7168K, capacity 7588K, committed 7680K, reserved 1048576K
}
Event: 751.026 GC heap before
{Heap before GC invocations=55 (full 0):
 garbage-first heap   total 273408K, used 216037K [0x0000000080000000, 0x0000000100000000)
  region size 1024K, 140 young (143360K), 9 survivors (9216K)
 Metaspace       used 57634K, capacity 59059K, committed 59260K, reserved 1101824K
  class space    used 7168K, capacity 7588K, committed 7680K, reserved 1048576K
}
Event: 751.044 GC heap after
{Heap after GC invocations=56 (full 0):
 garbage-first heap   total 273408K, used 122753K [0x0000000080000000, 0x0000000100000000)
  region size 1024K, 18 young (18432K), 18 survivors (18432K)
 Metaspace       used 57634K, capacity 59059K, committed 59260K, reserved 1101824K
  class space    used 7168K, capacity 7588K, committed 7680K, reserved 1048576K
}
Event: 751.293 GC heap before
{Heap before GC invocations=56 (full 0):
 garbage-first heap   total 273408K, used 201601K [0x0000000080000000, 0x0000000100000000)
  region size 1024K, 95 young (97280K), 18 survivors (18432K)
 Metaspace       used 57634K, capacity 59059K, committed 59260K, reserved 1101824K
  class space    used 7168K, capacity 7588K, committed 7680K, reserved 1048576K
}
Event: 751.307 GC heap after
{Heap after GC invocations=57 (full 0):
 garbage-first heap   total 273408K, used 138240K [0x0000000080000000, 0x0000000100000000)
  region size 1024K, 12 young (12288K), 12 survivors (12288K)
 Metaspace       used 57634K, capacity 59059K, committed 59260K, reserved 1101824K
  class space    used 7168K, capacity 7588K, committed 7680K, reserved 1048576K
}
Event: 751.494 GC heap before
{Heap before GC invocations=57 (full 0):
 garbage-first heap   total 273408K, used 201728K [0x0000000080000000, 0x0000000100000000)
  region size 1024K, 74 young (75776K), 12 survivors (12288K)
 Metaspace       used 57634K, capacity 59059K, committed 59260K, reserved 1101824K
  class space    used 7168K, capacity 7588K, committed 7680K, reserved 1048576K
}
Event: 751.507 GC heap after
{Heap after GC invocations=58 (full 0):
 garbage-first heap   total 273408K, used 163328K [0x0000000080000000, 0x0000000100000000)
  region size 1024K, 10 young (10240K), 10 survivors (10240K)
 Metaspace       used 57634K, capacity 59059K, committed 59260K, reserved 1101824K
  class space    used 7168K, capacity 7588K, committed 7680K, reserved 1048576K
}
Event: 751.957 GC heap before
{Heap before GC invocations=59 (full 0):
 garbage-first heap   total 273408K, used 207360K [0x0000000080000000, 0x0000000100000000)
  region size 1024K, 54 young (55296K), 10 survivors (10240K)
 Metaspace       used 57640K, capacity 59059K, committed 59260K, reserved 1101824K
  class space    used 7168K, capacity 7588K, committed 7680K, reserved 1048576K
}
Event: 751.962 GC heap after
{Heap after GC invocations=60 (full 0):
 garbage-first heap   total 273408K, used 157696K [0x0000000080000000, 0x0000000100000000)
  region size 1024K, 3 young (3072K), 3 survivors (3072K)
 Metaspace       used 57640K, capacity 59059K, committed 59260K, reserved 1101824K
  class space    used 7168K, capacity 7588K, committed 7680K, reserved 1048576K
}
Event: 751.996 GC heap before
{Heap before GC invocations=60 (full 0):
 garbage-first heap   total 273408K, used 166912K [0x0000000080000000, 0x0000000100000000)
  region size 1024K, 13 young (13312K), 3 survivors (3072K)
 Metaspace       used 57642K, capacity 59059K, committed 59260K, reserved 1101824K
  class space    used 7168K, capacity 7588K, committed 7680K, reserved 1048576K
}
Event: 751.999 GC heap after
{Heap after GC invocations=61 (full 0):
 garbage-first heap   total 273408K, used 129401K [0x0000000080000000, 0x0000000100000000)
  region size 1024K, 1 young (1024K), 1 survivors (1024K)
 Metaspace       used 57642K, capacity 59059K, committed 59260K, reserved 1101824K
  class space    used 7168K, capacity 7588K, committed 7680K, reserved 1048576K
}
Event: 752.227 GC heap before
{Heap before GC invocations=61 (full 0):
 garbage-first heap   total 273408K, used 147833K [0x0000000080000000, 0x0000000100000000)
  region size 1024K, 13 young (13312K), 1 survivors (1024K)
 Metaspace       used 57677K, capacity 59059K, committed 59260K, reserved 1101824K
  class space    used 7169K, capacity 7588K, committed 7680K, reserved 1048576K
}
Event: 752.232 GC heap after
{Heap after GC invocations=62 (full 0):
 garbage-first heap   total 273408K, used 132683K [0x0000000080000000, 0x0000000100000000)
  region size 1024K, 2 young (2048K), 2 survivors (2048K)
 Metaspace       used 57677K, capacity 59059K, committed 59260K, reserved 1101824K
  class space    used 7169K, capacity 7588K, committed 7680K, reserved 1048576K
}
Event: 753.492 GC heap before
{Heap before GC invocations=62 (full 0):
 garbage-first heap   total 273408K, used 197195K [0x0000000080000000, 0x0000000100000000)
  region size 1024K, 65 young (66560K), 2 survivors (2048K)
 Metaspace       used 65689K, capacity 67365K, committed 67452K, reserved 1107968K
  class space    used 8154K, capacity 8668K, committed 8704K, reserved 1048576K
}
Event: 753.500 GC heap after
{Heap after GC invocations=63 (full 0):
 garbage-first heap   total 273408K, used 135374K [0x0000000080000000, 0x0000000100000000)
  region size 1024K, 5 young (5120K), 5 survivors (5120K)
 Metaspace       used 65689K, capacity 67365K, committed 67452K, reserved 1107968K
  class space    used 8154K, capacity 8668K, committed 8704K, reserved 1048576K
}
Event: 754.677 GC heap before
{Heap before GC invocations=64 (full 0):
 garbage-first heap   total 273408K, used 151758K [0x0000000080000000, 0x0000000100000000)
  region size 1024K, 70 young (71680K), 5 survivors (5120K)
 Metaspace       used 72564K, capacity 74343K, committed 74620K, reserved 1114112K
  class space    used 9053K, capacity 9618K, committed 9728K, reserved 1048576K
}
Event: 754.693 GC heap after
{Heap after GC invocations=65 (full 0):
 garbage-first heap   total 273408K, used 90029K [0x0000000080000000, 0x0000000100000000)
  region size 1024K, 8 young (8192K), 8 survivors (8192K)
 Metaspace       used 72564K, capacity 74343K, committed 74620K, reserved 1114112K
  class space    used 9053K, capacity 9618K, committed 9728K, reserved 1048576K
}
Event: 756.015 GC heap before
{Heap before GC invocations=65 (full 0):
 garbage-first heap   total 273408K, used 177069K [0x0000000080000000, 0x0000000100000000)
  region size 1024K, 93 young (95232K), 8 survivors (8192K)
 Metaspace       used 79323K, capacity 81244K, committed 81532K, reserved 1120256K
  class space    used 10059K, capacity 10718K, committed 10752K, reserved 1048576K
}
Event: 756.038 GC heap after
{Heap after GC invocations=66 (full 0):
 garbage-first heap   total 328704K, used 96443K [0x0000000080000000, 0x0000000100000000)
  region size 1024K, 11 young (11264K), 11 survivors (11264K)
 Metaspace       used 79323K, capacity 81244K, committed 81532K, reserved 1120256K
  class space    used 10059K, capacity 10718K, committed 10752K, reserved 1048576K
}

